[03:59:54] [ServerMain/INFO]: [bootstrap] Running Java 21 (OpenJDK 64-Bit Server VM 21.0.5+11-Ubuntu-1ubuntu120.04; Ubuntu null) on Linux 6.5.0-1025-azure (amd64)
[03:59:54] [ServerMain/INFO]: [bootstrap] Loading Paper 1.21.3-63-master@4190ee7 (2024-11-25T18:59:19Z) for Minecraft 1.21.3
[03:59:54] [ServerMain/INFO]: [PluginInitializerManager] Initializing plugins...
[03:59:56] [Paper Plugin Remapper Thread - 0/INFO]: [PluginRemapper] Remapping plugin 'plugins/floodgate-spigot.jar'...
[03:59:57] [Paper Plugin Remapper Thread - 1/INFO]: [PluginRemapper] Remapping plugin 'plugins/SkinsRestorer.jar'...
[03:59:58] [Paper Plugin Remapper Thread - 2/INFO]: [PluginRemapper] Remapping plugin 'plugins/RealRegions.jar'...
[03:59:59] [Paper Plugin Remapper Thread - 3/INFO]: [PluginRemapper] Remapping plugin 'plugins/worldedit-bukkit-7.3.9-beta-01-dist.jar'...
[04:00:01] [Paper Plugin Remapper Thread - 2/INFO]: [PluginRemapper] Done remapping plugin 'plugins/RealRegions.jar' in 2818ms.
[04:00:01] [Paper Plugin Remapper Thread - 2/INFO]: [PluginRemapper] Remapping plugin 'plugins/AngelChest-13.9.0.jar'...
[04:00:03] [Paper Plugin Remapper Thread - 2/INFO]: [PluginRemapper] Done remapping plugin 'plugins/AngelChest-13.9.0.jar' in 1886ms.
[04:00:04] [Paper Plugin Remapper Thread - 1/INFO]: [PluginRemapper] Done remapping plugin 'plugins/SkinsRestorer.jar' in 7120ms.
[04:00:04] [Paper Plugin Remapper Thread - 3/INFO]: [PluginRemapper] Done remapping plugin 'plugins/worldedit-bukkit-7.3.9-beta-01-dist.jar' in 5174ms.
[04:00:05] [Paper Plugin Remapper Thread - 0/INFO]: [PluginRemapper] Done remapping plugin 'plugins/floodgate-spigot.jar' in 9183ms.
[04:00:05] [ServerMain/INFO]: [PluginInitializerManager] Initialized 7 plugins
[04:00:05] [ServerMain/INFO]: [PluginInitializerManager] Bukkit plugins (7):
 - AngelChest (13.9.0), Geyser-Spigot (2.5.1-SNAPSHOT), RealRegions (0.7.4), SkinsRestorer (15.5.0), ViaVersion (5.2.0), WorldEdit (7.3.9-beta-01+e8aa544), floodgate (2.2.3-SNAPSHOT (b114-83fbd6e))
[04:00:11] [ServerMain/INFO]: Environment: Environment[sessionHost=https://sessionserver.mojang.com, servicesHost=https://api.minecraftservices.com, name=PROD]
[04:00:13] [ServerMain/INFO]: Loaded 1337 recipes
[04:00:14] [ServerMain/INFO]: Loaded 1448 advancements
[04:00:14] [Server thread/INFO]: Starting minecraft server version 1.21.3
[04:00:14] [Server thread/INFO]: Loading properties
[04:00:14] [Server thread/INFO]: This server is running Paper version 1.21.3-63-master@4190ee7 (2024-11-25T18:59:19Z) (Implementing API version 1.21.3-R0.1-SNAPSHOT)
[04:00:15] [Server thread/INFO]: [spark] This server bundles the spark profiler. For more information please visit https://docs.papermc.io/paper/profiling
[04:00:15] [Server thread/INFO]: Server Ping Player Sample Count: 12
[04:00:15] [Server thread/INFO]: Using 4 threads for Netty based IO
[04:00:16] [Server thread/INFO]: [MoonriseCommon] Paper is using 1 worker threads, 1 I/O threads
[04:00:16] [Server thread/INFO]: [ChunkTaskScheduler] Chunk system is using population gen parallelism: true
[04:00:16] [Server thread/INFO]: Default game type: SURVIVAL
[04:00:16] [Server thread/INFO]: Generating keypair
[04:00:16] [Server thread/INFO]: Starting Minecraft server on *:25565
[04:00:16] [Server thread/INFO]: Using epoll channel type
[04:00:17] [Server thread/INFO]: Paper: Using libdeflate (Linux x86_64) compression from Velocity.
[04:00:17] [Server thread/INFO]: Paper: Using OpenSSL 1.1.x (Linux x86_64) cipher from Velocity.
[04:00:19] [Server thread/INFO]: [WorldEdit] Loading server plugin WorldEdit v7.3.9-beta-01+e8aa544
[04:00:20] [Server thread/INFO]: Got request to register class com.sk89q.worldedit.bukkit.BukkitServerInterface with WorldEdit [com.sk89q.worldedit.extension.platform.PlatformManager@1374e9c]
[04:00:20] [Server thread/INFO]: [floodgate] Loading server plugin floodgate v2.2.3-SNAPSHOT (b114-83fbd6e)
[04:00:21] [Server thread/WARN]: [floodgate] en_ is not a supported Floodgate language.
[04:00:21] [Server thread/INFO]: [floodgate] Took 860ms to boot Floodgate
[04:00:21] [Server thread/INFO]: [ViaVersion] Loading server plugin ViaVersion v5.2.0
[04:00:21] [Server thread/INFO]: [ViaVersion] ViaVersion 5.2.0 is now loaded. Registering protocol transformers and injecting...
[04:00:21] [Via-Mappingloader-0/INFO]: [ViaVersion] Loading block connection mappings ...
[04:00:22] [Via-Mappingloader-0/INFO]: [ViaVersion] Using FastUtil Long2ObjectOpenHashMap for block connections
[04:00:22] [Server thread/INFO]: [AngelChest] Loading server plugin AngelChest v13.9.0
[04:00:22] [Server thread/INFO]: [RealRegions] Loading server plugin RealRegions v0.7.4
[04:00:22] [Server thread/INFO]: [Geyser-Spigot] Loading server plugin Geyser-Spigot v2.5.1-SNAPSHOT
[04:00:23] [Server thread/INFO]: [Geyser-Spigot] Loading extensions...
[04:00:23] [Server thread/INFO]: [Geyser-Spigot] Loaded 0 extension(s)
[04:00:23] [Server thread/INFO]: [SkinsRestorer] Loading server plugin SkinsRestorer v15.5.0
[04:00:23] [Server thread/INFO]: Server permissions file permissions.yml is empty, ignoring it
[04:00:23] [Server thread/INFO]: [WorldEdit] Enabling WorldEdit v7.3.9-beta-01+e8aa544
[04:00:23] [Server thread/INFO]: Registering commands with com.sk89q.worldedit.bukkit.BukkitServerInterface
[04:00:23] [Server thread/INFO]: WEPIF: Using the Bukkit Permissions API.
[04:00:24] [Server thread/INFO]: Using com.sk89q.worldedit.bukkit.adapter.impl.v1_21_3.PaperweightAdapter as the Bukkit adapter
[04:00:26] [Server thread/INFO]: [SkinsRestorer] Enabling SkinsRestorer v15.5.0
[04:00:26] [Server thread/WARN]: [SkinsRestorer] You must agree to the rules at 'commands.perSkinPermissionsConsent' in the config to use per skin permissions.
[04:00:27] [Server thread/INFO]: [SkinsRestorer] Running on Minecraft 1.21.3.
[04:00:27] [Server thread/INFO]: [SkinsRestorer] Floodgate skin listener registered
[04:00:27] [Server thread/INFO]: [SkinsRestorer] Using paper join listener!
[04:00:27] [Server thread/WARN]: **** SERVER IS RUNNING IN OFFLINE/INSECURE MODE!
[04:00:27] [Server thread/WARN]: The server will make no attempt to authenticate usernames. Beware.
[04:00:27] [Server thread/WARN]: While this makes the game possible to play without internet access, it also opens up the ability for hackers to connect with any username they choose.
[04:00:27] [Server thread/WARN]: To change this, set "online-mode" to "true" in the server.properties file.
[04:00:27] [Server thread/INFO]: Preparing level "world"
[04:00:28] [Folia Async Scheduler Thread #1/INFO]: [SkinsRestorer] ----------------------------------------------
[04:00:28] [Folia Async Scheduler Thread #1/INFO]: [SkinsRestorer]     +==================+
[04:00:28] [Folia Async Scheduler Thread #1/INFO]: [SkinsRestorer]     |   SkinsRestorer  |
[04:00:28] [Folia Async Scheduler Thread #1/INFO]: [SkinsRestorer]     |------------------|
[04:00:28] [Folia Async Scheduler Thread #1/INFO]: [SkinsRestorer]     |  Standalone Mode |
[04:00:28] [Folia Async Scheduler Thread #1/INFO]: [SkinsRestorer]     +==================+
[04:00:28] [Folia Async Scheduler Thread #1/INFO]: [SkinsRestorer] ----------------------------------------------
[04:00:28] [Folia Async Scheduler Thread #1/INFO]: [SkinsRestorer]     Version: 15.5.0
[04:00:28] [Folia Async Scheduler Thread #1/INFO]: [SkinsRestorer]     Commit: ad418e4
[04:00:28] [Folia Async Scheduler Thread #1/INFO]: [SkinsRestorer]     This is the latest version!
[04:00:28] [Folia Async Scheduler Thread #1/INFO]: [SkinsRestorer] ----------------------------------------------
[04:00:28] [Folia Async Scheduler Thread #1/INFO]: [SkinsRestorer] Do you have issues? Read our troubleshooting guide: https://skinsrestorer.net/docs/troubleshooting
[04:00:28] [Folia Async Scheduler Thread #1/INFO]: [SkinsRestorer] Want to support SkinsRestorer? Consider donating: https://skinsrestorer.net/donate
[04:00:29] [Server thread/INFO]: Preparing start region for dimension minecraft:overworld
[04:00:29] [Paper Common Worker #0/INFO]: [MCTypeRegistry] Initialising converters for DataConverter...
[04:00:30] [Paper Common Worker #0/INFO]: [MCTypeRegistry] Finished initialising converters for DataConverter in 686.7ms
[04:00:30] [Server thread/INFO]: Preparing spawn area: 0%
[04:00:30] [Server thread/INFO]: Preparing spawn area: 0%
[04:00:30] [Server thread/INFO]: Preparing spawn area: 0%
[04:00:30] [Server thread/INFO]: Preparing spawn area: 2%
[04:00:31] [Server thread/INFO]: Preparing spawn area: 2%
[04:00:31] [Server thread/INFO]: Time elapsed: 2273 ms
[04:00:31] [Server thread/INFO]: Preparing start region for dimension minecraft:the_nether
[04:00:31] [Server thread/INFO]: Preparing spawn area: 0%
[04:00:31] [Server thread/INFO]: Preparing spawn area: 28%
[04:00:32] [Server thread/INFO]: Time elapsed: 662 ms
[04:00:32] [Server thread/INFO]: Preparing start region for dimension minecraft:the_end
[04:00:32] [Server thread/INFO]: Preparing spawn area: 0%
[04:00:32] [Server thread/INFO]: Time elapsed: 225 ms
[04:00:32] [Server thread/INFO]: [floodgate] Enabling floodgate v2.2.3-SNAPSHOT (b114-83fbd6e)
[04:00:32] [Server thread/INFO]: [ViaVersion] Enabling ViaVersion v5.2.0
[04:00:32] [Server thread/INFO]: [ViaVersion] ViaVersion detected server version: 1.21.2-1.21.3 (768)
[04:00:32] [Server thread/INFO]: [AngelChest] Enabling AngelChest v13.9.0
[04:00:32] [Server thread/INFO]: [AngelChest] groups.yml does not exist, skipping custom group settings.
[04:00:32] [Server thread/INFO]: [AngelChest] blacklist.yml does not exist, disabling item blacklist.
[04:00:32] [Server thread/INFO]: [AngelChest] Not using premium version, disabling Graveyards feature
[04:00:32] [Server thread/WARN]: [AngelChest] Could not add usage/description to command acopen
[04:00:33] [Server thread/INFO]: [AngelChest] Vault not installed, disabling economy functions.
[04:00:33] [Server thread/INFO]: [AngelChest] [ACF] Enabled Asynchronous Tab Completion Support!
[04:00:33] [Server thread/INFO]: [AngelChest] Successfully enabled AngelChest v13.9.0 (Premium: false)
[04:00:33] [Server thread/INFO]: [RealRegions] Enabling RealRegions v0.7.4
[04:00:33] [Server thread/INFO]: [RealRegions]  ______           _______           _      
[04:00:33] [Server thread/INFO]: [RealRegions]  | ___ \         | | ___ \         (_)  
[04:00:33] [Server thread/INFO]: [RealRegions]  | |_/ /___  __ _| | |_/ /___  __ _ _  ___  _ __  ___ 
[04:00:33] [Server thread/INFO]: [RealRegions]  |    // _ \/ _` | |    // _ \/ _` | |/ _ \| '_ \/ __|
[04:00:33] [Server thread/INFO]: [RealRegions]  | |\ \  __/ (_| | | |\ \  __/ (_| | | (_) | | | \__ \
[04:00:33] [Server thread/INFO]: [RealRegions]  \_| \_\___|\__,_|_\_| \_\___|\__, |_|\___/|_| |_|___/
[04:00:33] [Server thread/INFO]: [RealRegions]   Made by: JoseGamer_PT        __/ |   Version: 0.7.4
[04:00:33] [Server thread/INFO]: [RealRegions]                               |___/
[04:00:33] [Server thread/INFO]: [RealRegions] 
[04:00:33] [Server thread/INFO]: [RealRegions] Loaded 3 worlds and 4 regions.
[04:00:33] [Server thread/INFO]: [RealRegions] Finished loading in 0.384 seconds.
[04:00:33] [Server thread/INFO]: [RealRegions] <------------------ RealRegions v0.7.4 ------------------>
[04:00:33] [Server thread/INFO]: [Geyser-Spigot] Enabling Geyser-Spigot v2.5.1-SNAPSHOT
[04:00:34] [Server thread/INFO]: [spark] Starting background profiler...
[04:00:35] [Server thread/INFO]: [Geyser-Spigot] ******************************************
[04:00:35] [Server thread/INFO]: [Geyser-Spigot] 
[04:00:35] [Server thread/INFO]: [Geyser-Spigot] Loading Geyser version 2.5.1-b725 (git-master-d2051c2)
[04:00:35] [Server thread/INFO]: [Geyser-Spigot] 
[04:00:35] [Server thread/INFO]: [Geyser-Spigot] ******************************************
[04:00:38] [epollEventLoopGroup-3-1/INFO]: [Geyser-Spigot] Started Geyser on UDP port 2304
[04:00:38] [Server thread/INFO]: [Geyser-Spigot] Done (3.341s)! Run /geyser help for help!
[04:00:39] [Server thread/INFO]: Done preparing level "world" (11.221s)
[04:00:39] [Server thread/INFO]: Running delayed init tasks
[04:00:39] [Craft Scheduler Thread - 2 - ViaVersion/INFO]: [ViaVersion] Finished mapping loading, shutting down loader executor.
[04:00:39] [Craft Scheduler Thread - 5 - RealRegions/INFO]: [RealRegions] The plugin is updated to the latest version.
[04:00:40] [Server thread/INFO]: Done (48.065s)! For help, type "help"
[04:00:41] [Server thread/INFO]: [AngelChest] ========================================================
[04:00:41] [Server thread/INFO]: [AngelChest] You are using the free version of AngelChest. There is
[04:00:41] [Server thread/INFO]: [AngelChest] also a premium version available, called AngelChestPlus.
[04:00:41] [Server thread/INFO]: [AngelChest] It includes TONS of new features and exclusive Discord
[04:00:41] [Server thread/INFO]: [AngelChest] support. The free version will still receive bugfixes,
[04:00:41] [Server thread/INFO]: [AngelChest] but there won't be ANY new features!
[04:00:41] [Server thread/INFO]: [AngelChest] If you like AngelChest, you will LOVE AngelChestPlus, so
[04:00:41] [Server thread/INFO]: [AngelChest] please consider upgrading! Thank you for using AngelChest.
[04:00:41] [Server thread/INFO]: [AngelChest] 
[04:00:41] [Server thread/INFO]: [AngelChest] https://www.spigotmc.org/resources/88214
[04:00:41] [Server thread/INFO]: [AngelChest] ========================================================
[04:01:38] [Server thread/INFO]: Server empty for 60 seconds, pausing
